  1.cpp
  Please define _WIN32_WINNT or _WIN32_WINDOWS appropriately. For example:
  - add -D_WIN32_WINNT=0x0601 to the compiler command line; or
  - add _WIN32_WINNT=0x0601 to your project's Preprocessor Definitions.
  Assuming _WIN32_WINNT=0x0601 (i.e. Windows 7 target).
  CServer.cpp
  Please define _WIN32_WINNT or _WIN32_WINDOWS appropriately. For example:
  - add -D_WIN32_WINNT=0x0601 to the compiler command line; or
  - add _WIN32_WINNT=0x0601 to your project's Preprocessor Definitions.
  Assuming _WIN32_WINNT=0x0601 (i.e. Windows 7 target).
  CSession.cpp
  Please define _WIN32_WINNT or _WIN32_WINDOWS appropriately. For example:
  - add -D_WIN32_WINNT=0x0601 to the compiler command line; or
  - add _WIN32_WINNT=0x0601 to your project's Preprocessor Definitions.
  Assuming _WIN32_WINNT=0x0601 (i.e. Windows 7 target).
E:\cpplearn\ReadAtLeastServer\CSession.cpp(44,20): warning C4267: “初始化”: 从“size_t”转换到“int”，可能丢失数据
E:\cpplearn\ReadAtLeastServer\CSession.cpp(60,20): warning C4267: “初始化”: 从“size_t”转换到“int”，可能丢失数据
E:\cpplearn\ReadAtLeastServer\CSession.cpp(118,35): warning C4267: “+=”: 从“size_t”转换到“short”，可能丢失数据
E:\cpplearn\ReadAtLeastServer\CSession.cpp(160,34): warning C4267: “+=”: 从“size_t”转换到“short”，可能丢失数据
E:\cpplearn\ReadAtLeastServer\CSession.cpp(201,33): warning C4267: “+=”: 从“size_t”转换到“short”，可能丢失数据
E:\cpplearn\ReadAtLeastServer\CSession.cpp(254,24): warning C4267: “参数”: 从“size_t”转换到“int”，可能丢失数据
C:\Program Files\Microsoft Visual Studio\2022\Community\VC\Tools\MSVC\14.38.33130\include\xutility(255,82): warning C4267: “参数”: 从“size_t”转换到“short”，可能丢失数据
  (编译源文件“CSession.cpp”)
      C:\Program Files\Microsoft Visual Studio\2022\Community\VC\Tools\MSVC\14.38.33130\include\xutility(255,82):
      模板实例化上下文(最早的实例化上下文)为
          E:\cpplearn\ReadAtLeastServer\CSession.cpp(49,17):
          查看对正在编译的函数 模板 实例化“std::shared_ptr<SendNode> std::make_shared<SendNode,const _Elem*,unsigned __int64,short&>(const _Elem *&&,unsigned __int64 &&,short &)”的引用
          with
          [
              _Elem=char
          ]
          C:\Program Files\Microsoft Visual Studio\2022\Community\VC\Tools\MSVC\14.38.33130\include\memory(2769,46):
          查看对正在编译的函数 模板 实例化“std::_Ref_count_obj2<SendNode>::_Ref_count_obj2<_Ty,unsigned __int64,short&>(_Ty &&,unsigned __int64 &&,short &)”的引用
          with
          [
              _Ty=const char *
          ]
          C:\Program Files\Microsoft Visual Studio\2022\Community\VC\Tools\MSVC\14.38.33130\include\memory(2094,18):
          查看对正在编译的函数 模板 实例化“void std::_Construct_in_place<_Ty,const char*,unsigned __int64,short&>(_Ty &,const char *&&,unsigned __int64 &&,short &) noexcept(false)”的引用
          with
          [
              _Ty=SendNode
          ]
  
  ReadAtLeastServer.cpp
  Please define _WIN32_WINNT or _WIN32_WINDOWS appropriately. For example:
  - add -D_WIN32_WINNT=0x0601 to the compiler command line; or
  - add _WIN32_WINNT=0x0601 to your project's Preprocessor Definitions.
  Assuming _WIN32_WINNT=0x0601 (i.e. Windows 7 target).
  正在生成代码...
  ReadAtLeastServer.vcxproj -> E:\cpplearn\ReadAtLeastServer\x64\Debug\ReadAtLeastServer.exe
